1667956364738	geckodriver	INFO	Listening on 127.0.0.1:58257
1667956393383	geckodriver	INFO	Listening on 127.0.0.1:58275
1667956396547	mozrunner::runner	INFO	Running command: "C:\\Program Files\\Mozilla Firefox\\firefox.exe" "--marionette" "-profile" "D:\\Geoguide\\whats-bot/profile/wppf" "-no-remote"
1667956397945	Marionette	INFO	Marionette enabled
1667956397949	Marionette	INFO	Listening on port 58287
Read port: 58287
1667956398302	RemoteAgent	WARN	TLS certificate errors will be ignored for this session
[GFX1-]: shader-cache: Timed out before finishing loads
[2022-11-09T01:13:18Z ERROR webrender_bindings::program_cache] shader-cache: Timed out before finishing loads
1667957377233	Marionette	INFO	Stopped listening on port 58287
1667959663656	geckodriver	INFO	Listening on 127.0.0.1:58397
1667959666591	mozrunner::runner	INFO	Running command: "C:\\Program Files\\Mozilla Firefox\\firefox.exe" "--marionette" "-profile" "D:\\Geoguide\\whats-bot/profile/wppf" "-no-remote"
1667959668100	Marionette	INFO	Marionette enabled
1667959668106	Marionette	INFO	Listening on port 58409
Read port: 58409
[GFX1-]: shader-cache: Timed out before finishing loads
[2022-11-09T02:07:48Z ERROR webrender_bindings::program_cache] shader-cache: Timed out before finishing loads
1667959669084	RemoteAgent	WARN	TLS certificate errors will be ignored for this session
1667959745105	Marionette	INFO	Stopped listening on port 58409
[Parent 15848, IPC I/O Parent] WARNING: file /builds/worker/checkouts/gecko/ipc/chromium/src/base/process_util_win.cc:167
1667959768119	geckodriver	INFO	Listening on 127.0.0.1:58488
1667959771106	mozrunner::runner	INFO	Running command: "C:\\Program Files\\Mozilla Firefox\\firefox.exe" "--marionette" "-profile" "D:\\Geoguide\\whats-bot/profile/wppf" "-no-remote"
1667959771695	Marionette	INFO	Marionette enabled
1667959771698	Marionette	INFO	Listening on port 58500
Read port: 58500
1667959771913	RemoteAgent	WARN	TLS certificate errors will be ignored for this session
1667960077184	geckodriver	INFO	Listening on 127.0.0.1:58583
1667960080121	mozrunner::runner	INFO	Running command: "C:\\Program Files\\Mozilla Firefox\\firefox.exe" "--marionette" "-profile" "D:\\Geoguide\\whats-bot/profile/wppf" "-no-remote"
Read port: 58500
1667960080708	Marionette	INFO	Marionette enabled
1667960080711	Marionette	INFO	Listening on port 58598
Read port: 58598
1667960082274	RemoteAgent	WARN	TLS certificate errors will be ignored for this session
1667960125399	Marionette	INFO	Stopped listening on port 58598
[Parent 14360, IPC I/O Parent] WARNING: file /builds/worker/checkouts/gecko/ipc/chromium/src/base/process_util_win.cc:167
